Removed Pin From Net: NetName=PWM Pin=IC1-1
Removed Pin From Net: NetName=NetC7_1 Pin=IC1-3
Change component parameters: Designator = "C1"; Footprint = "Radial 12.5 x 25"; UniqueID = "\GZWKNHZV"
Change component parameters. Clean all parameters for all variants
Change component parameters (AddParameter): Name = "Contact"; Value = "cynetik_group@hotmail.com"; VariantName = "[No Variations]"
Change component parameters (AddParameter): Name = "Created by"; Value = "Zion Blue"; VariantName = "[No Variations]"
Change component parameters (AddParameter): Name = "Published"; Value = "28 April 2014"; VariantName = "[No Variations]"
Change component parameters (AddParameter): Name = "Publisher"; Value = "Cynetik Group"; VariantName = "[No Variations]"
Change component parameters (AddParameter): Name = "Value"; Value = "100 µF"; VariantName = "[No Variations]"
Change component parameters: Designator = "C4"; Footprint = "RADIAL 3.5x7.7"; UniqueID = "\SLXAJWBN"
Change component parameters. Clean all parameters for all variants
Change component parameters (AddParameter): Name = "Contact"; Value = "cynetik_group@hotmail.com"; VariantName = "[No Variations]"
Change component parameters (AddParameter): Name = "Created by"; Value = "Zion Blue"; VariantName = "[No Variations]"
Change component parameters (AddParameter): Name = "Published"; Value = "28 April 2014"; VariantName = "[No Variations]"
Change component parameters (AddParameter): Name = "Publisher"; Value = "Cynetik Group"; VariantName = "[No Variations]"
Change component parameters (AddParameter): Name = "Value"; Value = "100 µF"; VariantName = "[No Variations]"
Change component parameters: Designator = "C5"; Footprint = "RADIAL 3.5x7.7"; UniqueID = "\ZAVMDBAK"
Change component parameters. Clean all parameters for all variants
Change component parameters (AddParameter): Name = "Contact"; Value = "cynetik_group@hotmail.com"; VariantName = "[No Variations]"
Change component parameters (AddParameter): Name = "Created by"; Value = "Zion Blue"; VariantName = "[No Variations]"
Change component parameters (AddParameter): Name = "Published"; Value = "28 April 2014"; VariantName = "[No Variations]"
Change component parameters (AddParameter): Name = "Publisher"; Value = "Cynetik Group"; VariantName = "[No Variations]"
Change component parameters (AddParameter): Name = "Value"; Value = "100 µF"; VariantName = "[No Variations]"
Change component parameters: Designator = "C7"; Footprint = "RADIAL 3.5x7.7"; UniqueID = "\XVAHLXDA"
Change component parameters. Clean all parameters for all variants
Change component parameters (AddParameter): Name = "Contact"; Value = "cynetik_group@hotmail.com"; VariantName = "[No Variations]"
Change component parameters (AddParameter): Name = "Created by"; Value = "Zion Blue"; VariantName = "[No Variations]"
Change component parameters (AddParameter): Name = "Published"; Value = "28 April 2014"; VariantName = "[No Variations]"
Change component parameters (AddParameter): Name = "Publisher"; Value = "Cynetik Group"; VariantName = "[No Variations]"
Change component parameters (AddParameter): Name = "Value"; Value = "100 µF"; VariantName = "[No Variations]"
Added Pin To Net: NetName=NetC7_1 Pin=IC1-5
Added Pin To Net: NetName=PWM Pin=IC1-7
Added Pin To Net: NetName=NetIC1_6 Pin=IC1-6
Added Pin To Net: NetName=NetIC1_6 Pin=R10-2
Added Pin To Net: NetName=NetIC1_6 Pin=R12-1
Added Net: Name=NetIC1_6
