Removed Pin From Net: NetName=+48V Pin=C1-2
Removed Pin From Net: NetName=RS Pin=P1-1
Removed Pin From Net: NetName=+5V Pin=P1-2
Removed Pin From Net: NetName=RS Pin=P1-4
Removed Pin From Net: NetName=E Pin=P1-6
Removed Pin From Net: NetName=+5V Pin=P1-15
Removed Pin From Net: NetName=+48V Pin=P3-2
Removed Pin From Net: NetName=+48V Pin=Q1-1
Removed Pin From Net: NetName=+48V Pin=R1-1
Removed Pin From Net: NetName=RS Pin=R4-2
Removed Pin From Net: NetName=RS Pin=R5-2
Removed Pin From Net: NetName=Gate Pin=R6-2
Removed Pin From Net: NetName=PWM Pin=U1-16
Removed Pin From Net: NetName=RS Pin=U1-27
Change Component Designator: OldDesignator=P2 NewDesignator=P1
Change Component Designator: OldDesignator=Q3 NewDesignator=Q4
Change Component Designator: OldDesignator=R6 NewDesignator=R15
Change Component Designator: OldDesignator=R7 NewDesignator=R16
Change Component Designator: OldDesignator=U1 NewDesignator=U2
Change component parameters: Designator = "C1"; Footprint = "Radial 12.5 x 25"; UniqueID = "\GZWKNHZV"
Change component parameters. Clean all parameters for all variants
Change component parameters (AddParameter): Name = "Contact"; Value = "cynetik_group@hotmail.com"; VariantName = "[No Variations]"
Change component parameters (AddParameter): Name = "Created by"; Value = "Zion Blue"; VariantName = "[No Variations]"
Change component parameters (AddParameter): Name = "Published"; Value = "28 April 2014"; VariantName = "[No Variations]"
Change component parameters (AddParameter): Name = "Publisher"; Value = "Cynetik Group"; VariantName = "[No Variations]"
Change component parameters (AddParameter): Name = "Value"; Value = "100 µF"; VariantName = "[No Variations]"
Change component parameters: Designator = "C2"; Footprint = "Radial 12.5 x 25"; UniqueID = "\QIDZVYAK"
Change component parameters. Clean all parameters for all variants
Change component parameters (AddParameter): Name = "Contact"; Value = "cynetik_group@hotmail.com"; VariantName = "[No Variations]"
Change component parameters (AddParameter): Name = "Created by"; Value = "Zion Blue"; VariantName = "[No Variations]"
Change component parameters (AddParameter): Name = "Published"; Value = "28 April 2014"; VariantName = "[No Variations]"
Change component parameters (AddParameter): Name = "Publisher"; Value = "Cynetik Group"; VariantName = "[No Variations]"
Change component parameters (AddParameter): Name = "Value"; Value = "100 µF"; VariantName = "[No Variations]"
Change component parameters: Designator = "C3"; Footprint = "Radial 12.5 x 25"; UniqueID = "\NDBWOEBH"
Change component parameters. Clean all parameters for all variants
Change component parameters (AddParameter): Name = "Contact"; Value = "cynetik_group@hotmail.com"; VariantName = "[No Variations]"
Change component parameters (AddParameter): Name = "Created by"; Value = "Zion Blue"; VariantName = "[No Variations]"
Change component parameters (AddParameter): Name = "Published"; Value = "28 April 2014"; VariantName = "[No Variations]"
Change component parameters (AddParameter): Name = "Publisher"; Value = "Cynetik Group"; VariantName = "[No Variations]"
Change component parameters (AddParameter): Name = "Value"; Value = "100 µF"; VariantName = "[No Variations]"
Change component parameters: Designator = "C4"; Footprint = "Radial 12.5 x 25"; UniqueID = "\SLXAJWBN"
Change component parameters. Clean all parameters for all variants
Change component parameters (AddParameter): Name = "Contact"; Value = "cynetik_group@hotmail.com"; VariantName = "[No Variations]"
Change component parameters (AddParameter): Name = "Created by"; Value = "Zion Blue"; VariantName = "[No Variations]"
Change component parameters (AddParameter): Name = "Published"; Value = "28 April 2014"; VariantName = "[No Variations]"
Change component parameters (AddParameter): Name = "Publisher"; Value = "Cynetik Group"; VariantName = "[No Variations]"
Change component parameters (AddParameter): Name = "Value"; Value = "100 µF"; VariantName = "[No Variations]"
Change component parameters: Designator = "C5"; Footprint = "Radial 12.5 x 25"; UniqueID = "\ZAVMDBAK"
Change component parameters. Clean all parameters for all variants
Change component parameters (AddParameter): Name = "Contact"; Value = "cynetik_group@hotmail.com"; VariantName = "[No Variations]"
Change component parameters (AddParameter): Name = "Created by"; Value = "Zion Blue"; VariantName = "[No Variations]"
Change component parameters (AddParameter): Name = "Published"; Value = "28 April 2014"; VariantName = "[No Variations]"
Change component parameters (AddParameter): Name = "Publisher"; Value = "Cynetik Group"; VariantName = "[No Variations]"
Change component parameters (AddParameter): Name = "Value"; Value = "100 µF"; VariantName = "[No Variations]"
Added Component: Designator=C7(Radial 12.5 x 25)
Add component. Clean all parameters for all variants
Add component (AddParameter): Name = "Contact"; Value = "cynetik_group@hotmail.com"; VariantName = "[No Variations]"
Add component (AddParameter): Name = "Created by"; Value = "Zion Blue"; VariantName = "[No Variations]"
Add component (AddParameter): Name = "Published"; Value = "28 April 2014"; VariantName = "[No Variations]"
Add component (AddParameter): Name = "Publisher"; Value = "Cynetik Group"; VariantName = "[No Variations]"
Add component (AddParameter): Name = "Value"; Value = "100 µF"; VariantName = "[No Variations]"
Added Component: Designator=D5(DIOAD3020W130L900D530)
Add component. Clean all parameters for all variants
Add component (AddParameter): Name = "Arrow Part Number"; Value = ""; VariantName = "[No Variations]"
Add component (AddParameter): Name = "Arrow Price/Stock"; Value = ""; VariantName = "[No Variations]"
Add component (AddParameter): Name = "Datasheet Link"; Value = "https://docs.rs-online.com/7b99/0900766b814bbef7.pdf"; VariantName = "[No Variations]"
Add component (AddParameter): Name = "Manufacturer_Name"; Value = "HY Electronic Corp"; VariantName = "[No Variations]"
Add component (AddParameter): Name = "Manufacturer_Part_Number"; Value = "1N5822"; VariantName = "[No Variations]"
Add component (AddParameter): Name = "Mouser Part Number"; Value = ""; VariantName = "[No Variations]"
Add component (AddParameter): Name = "Mouser Price/Stock"; Value = ""; VariantName = "[No Variations]"
Added Component: Designator=IC1(DIP794W53P254L959H508Q8N)
Add component. Clean all parameters for all variants
Add component (AddParameter): Name = "Arrow Part Number"; Value = "LM358PE4"; VariantName = "[No Variations]"
Add component (AddParameter): Name = "Arrow Price/Stock"; Value = "https://www.arrow.com/en/products/lm358pe4/texas-instruments"; VariantName = "[No Variations]"
Add component (AddParameter): Name = "Datasheet Link"; Value = "http://www.ti.com/lit/ds/symlink/lm358.pdf"; VariantName = "[No Variations]"
Add component (AddParameter): Name = "Height"; Value = "5.08mm"; VariantName = "[No Variations]"
Add component (AddParameter): Name = "Manufacturer_Name"; Value = "Texas Instruments"; VariantName = "[No Variations]"
Add component (AddParameter): Name = "Manufacturer_Part_Number"; Value = "LM358PE4"; VariantName = "[No Variations]"
Add component (AddParameter): Name = "Mouser Part Number"; Value = "595-LM358PE4"; VariantName = "[No Variations]"
Add component (AddParameter): Name = "Mouser Price/Stock"; Value = "https://www.mouser.co.uk/ProductDetail/Texas-Instruments/LM358PE4?qs=VBduBm9rCJTWtuRHSrRjAg%3D%3D"; VariantName = "[No Variations]"
Added Component: Designator=P2(HDR1X6)
Add component. Clean all parameters for all variants
Add component (AddParameter): Name = "LatestRevisionDate"; Value = "17-Jul-2002"; VariantName = "[No Variations]"
Add component (AddParameter): Name = "LatestRevisionNote"; Value = "Re-released for DXP Platform."; VariantName = "[No Variations]"
Add component (AddParameter): Name = "Publisher"; Value = "Altium Limited"; VariantName = "[No Variations]"
Added Component: Designator=Q3(TO-92A)
Add component. Clean all parameters for all variants
Add component (AddParameter): Name = "ComponentLink1Description"; Value = "Manufacturer Link"; VariantName = "[No Variations]"
Add component (AddParameter): Name = "ComponentLink1URL"; Value = "http://www.fairchildsemi.com/"; VariantName = "[No Variations]"
Add component (AddParameter): Name = "ComponentLink2Description"; Value = "Datasheet"; VariantName = "[No Variations]"
Add component (AddParameter): Name = "ComponentLink2URL"; Value = "http://www.fairchildsemi.com/ds/2N%2F2N3904.pdf"; VariantName = "[No Variations]"
Add component (AddParameter): Name = "DatasheetVersion"; Value = "1997"; VariantName = "[No Variations]"
Add component (AddParameter): Name = "LatestRevisionDate"; Value = "15-Jan-2003"; VariantName = "[No Variations]"
Add component (AddParameter): Name = "LatestRevisionNote"; Value = "PCB Footprint 'BCY-W3/D4.7' replaced"; VariantName = "[No Variations]"
Add component (AddParameter): Name = "PackageDescription"; Value = "TO, Flat Index; 3 In-Line, Axial Leads; Body Dia. 4.5mm; Leads 0.51 x 0.48 mm (max)"; VariantName = "[No Variations]"
Add component (AddParameter): Name = "PackageReference"; Value = "TO-92A"; VariantName = "[No Variations]"
Add component (AddParameter): Name = "PackageVersion"; Value = "Sep-1998"; VariantName = "[No Variations]"
Add component (AddParameter): Name = "Published"; Value = "8-Jun-2000"; VariantName = "[No Variations]"
Add component (AddParameter): Name = "Publisher"; Value = "Altium Limited"; VariantName = "[No Variations]"
Added Component: Designator=R6(1K Ohm)
Add component. Clean all parameters for all variants
Added Component: Designator=R7(1K Ohm)
Add component. Clean all parameters for all variants
Added Component: Designator=R8(1K Ohm)
Add component. Clean all parameters for all variants
Added Component: Designator=R9(1K Ohm)
Add component. Clean all parameters for all variants
Added Component: Designator=R10(1K Ohm)
Add component. Clean all parameters for all variants
Added Component: Designator=R11(1K Ohm)
Add component. Clean all parameters for all variants
Added Component: Designator=R12(1K Ohm)
Add component. Clean all parameters for all variants
Added Component: Designator=R13(1K Ohm)
Add component. Clean all parameters for all variants
Added Component: Designator=R14(1K Ohm)
Add component. Clean all parameters for all variants
Added Component: Designator=S1(SW_1825967-1)
Add component. Clean all parameters for all variants
Add component (AddParameter): Name = "Availability"; Value = "Warning"; VariantName = "[No Variations]"
Add component (AddParameter): Name = "BuyPart"; Value = "https://www.snapeda.com/parts/1825967-1/TE%20Connectivity%20/%20DEUTSCH/view-part/398388/?ref=eda"; VariantName = "[No Variations]"
Add component (AddParameter): Name = "DigiKey-Purchase-URL"; Value = "https://snapeda.com/shop?store=DigiKey&id=398388"; VariantName = "[No Variations]"
Add component (AddParameter): Name = "MF"; Value = "TE Connectivity"; VariantName = "[No Variations]"
Add component (AddParameter): Name = "Mouser-Purchase-URL"; Value = "https://snapeda.com/shop?store=Mouser&id=398388"; VariantName = "[No Variations]"
Add component (AddParameter): Name = "MP"; Value = "1825967-1"; VariantName = "[No Variations]"
Add component (AddParameter): Name = "Package"; Value = "None"; VariantName = "[No Variations]"
Add component (AddParameter): Name = "Price"; Value = "None"; VariantName = "[No Variations]"
Add component (AddParameter): Name = "SnapEDA_Link"; Value = "https://www.snapeda.com/parts/1825967-1/TE%20Connectivity%20/%20DEUTSCH/view-part/398388/?ref=snap"; VariantName = "[No Variations]"
Add component (AddParameter): Name = "Value"; Value = ""; VariantName = "[No Variations]"
Added Component: Designator=S2(SW_1825967-1)
Add component. Clean all parameters for all variants
Add component (AddParameter): Name = "Availability"; Value = "Warning"; VariantName = "[No Variations]"
Add component (AddParameter): Name = "BuyPart"; Value = "https://www.snapeda.com/parts/1825967-1/TE%20Connectivity%20/%20DEUTSCH/view-part/398388/?ref=eda"; VariantName = "[No Variations]"
Add component (AddParameter): Name = "DigiKey-Purchase-URL"; Value = "https://snapeda.com/shop?store=DigiKey&id=398388"; VariantName = "[No Variations]"
Add component (AddParameter): Name = "MF"; Value = "TE Connectivity"; VariantName = "[No Variations]"
Add component (AddParameter): Name = "Mouser-Purchase-URL"; Value = "https://snapeda.com/shop?store=Mouser&id=398388"; VariantName = "[No Variations]"
Add component (AddParameter): Name = "MP"; Value = "1825967-1"; VariantName = "[No Variations]"
Add component (AddParameter): Name = "Package"; Value = "None"; VariantName = "[No Variations]"
Add component (AddParameter): Name = "Price"; Value = "None"; VariantName = "[No Variations]"
Add component (AddParameter): Name = "SnapEDA_Link"; Value = "https://www.snapeda.com/parts/1825967-1/TE%20Connectivity%20/%20DEUTSCH/view-part/398388/?ref=snap"; VariantName = "[No Variations]"
Add component (AddParameter): Name = "Value"; Value = ""; VariantName = "[No Variations]"
Added Component: Designator=S3(SW_1825967-1)
Add component. Clean all parameters for all variants
Add component (AddParameter): Name = "Availability"; Value = "Warning"; VariantName = "[No Variations]"
Add component (AddParameter): Name = "BuyPart"; Value = "https://www.snapeda.com/parts/1825967-1/TE%20Connectivity%20/%20DEUTSCH/view-part/398388/?ref=eda"; VariantName = "[No Variations]"
Add component (AddParameter): Name = "DigiKey-Purchase-URL"; Value = "https://snapeda.com/shop?store=DigiKey&id=398388"; VariantName = "[No Variations]"
Add component (AddParameter): Name = "MF"; Value = "TE Connectivity"; VariantName = "[No Variations]"
Add component (AddParameter): Name = "Mouser-Purchase-URL"; Value = "https://snapeda.com/shop?store=Mouser&id=398388"; VariantName = "[No Variations]"
Add component (AddParameter): Name = "MP"; Value = "1825967-1"; VariantName = "[No Variations]"
Add component (AddParameter): Name = "Package"; Value = "None"; VariantName = "[No Variations]"
Add component (AddParameter): Name = "Price"; Value = "None"; VariantName = "[No Variations]"
Add component (AddParameter): Name = "SnapEDA_Link"; Value = "https://www.snapeda.com/parts/1825967-1/TE%20Connectivity%20/%20DEUTSCH/view-part/398388/?ref=snap"; VariantName = "[No Variations]"
Add component (AddParameter): Name = "Value"; Value = ""; VariantName = "[No Variations]"
Added Component: Designator=S4(SW_1825967-1)
Add component. Clean all parameters for all variants
Add component (AddParameter): Name = "Availability"; Value = "Warning"; VariantName = "[No Variations]"
Add component (AddParameter): Name = "BuyPart"; Value = "https://www.snapeda.com/parts/1825967-1/TE%20Connectivity%20/%20DEUTSCH/view-part/398388/?ref=eda"; VariantName = "[No Variations]"
Add component (AddParameter): Name = "DigiKey-Purchase-URL"; Value = "https://snapeda.com/shop?store=DigiKey&id=398388"; VariantName = "[No Variations]"
Add component (AddParameter): Name = "MF"; Value = "TE Connectivity"; VariantName = "[No Variations]"
Add component (AddParameter): Name = "Mouser-Purchase-URL"; Value = "https://snapeda.com/shop?store=Mouser&id=398388"; VariantName = "[No Variations]"
Add component (AddParameter): Name = "MP"; Value = "1825967-1"; VariantName = "[No Variations]"
Add component (AddParameter): Name = "Package"; Value = "None"; VariantName = "[No Variations]"
Add component (AddParameter): Name = "Price"; Value = "None"; VariantName = "[No Variations]"
Add component (AddParameter): Name = "SnapEDA_Link"; Value = "https://www.snapeda.com/parts/1825967-1/TE%20Connectivity%20/%20DEUTSCH/view-part/398388/?ref=snap"; VariantName = "[No Variations]"
Add component (AddParameter): Name = "Value"; Value = ""; VariantName = "[No Variations]"
Added Component: Designator=U1(LCD_LCD2X16)
Add component. Clean all parameters for all variants
Add component (AddParameter): Name = "Availability"; Value = "Unavailable"; VariantName = "[No Variations]"
Add component (AddParameter): Name = "MF"; Value = "mikroElektronika"; VariantName = "[No Variations]"
Add component (AddParameter): Name = "MP"; Value = "LCD2X16"; VariantName = "[No Variations]"
Add component (AddParameter): Name = "Package"; Value = "None"; VariantName = "[No Variations]"
Add component (AddParameter): Name = "Price"; Value = "None"; VariantName = "[No Variations]"
Add component (AddParameter): Name = "SnapEDA_Link"; Value = "https://www.snapeda.com/parts/LCD2X16/mikroElektronika/view-part/2472530/?ref=snap"; VariantName = "[No Variations]"
Add component (AddParameter): Name = "Value"; Value = ""; VariantName = "[No Variations]"
Added Pin To Net: NetName=RS Pin=C1-2
Added Pin To Net: NetName=RS Pin=C7-2
Added Pin To Net: NetName=+48V Pin=D5-1
Added Pin To Net: NetName=RS Pin=IC1-4
Added Pin To Net: NetName=PWM Pin=IC1-7
Added Pin To Net: NetName=NetC5_1 Pin=IC1-8
Added Pin To Net: NetName=RS Pin=P2-5
Added Pin To Net: NetName=+5V Pin=P2-6
Added Pin To Net: NetName=RS Pin=P3-2
Added Pin To Net: NetName=NetC5_1 Pin=Q3-3
Added Pin To Net: NetName=RS Pin=R4-1
Added Pin To Net: NetName=RS Pin=R5-1
Added Pin To Net: NetName=RS Pin=R6-1
Added Pin To Net: NetName=RS Pin=R7-1
Added Pin To Net: NetName=RS Pin=R8-1
Added Pin To Net: NetName=+5V Pin=R9-2
Added Pin To Net: NetName=PWM Pin=R10-1
Added Pin To Net: NetName=RS Pin=R11-2
Added Pin To Net: NetName=RS Pin=R12-2
Added Pin To Net: NetName=Gate Pin=R14-2
Added Pin To Net: NetName=+5V Pin=S1-1
Added Pin To Net: NetName=+5V Pin=S1-2
Added Pin To Net: NetName=+5V Pin=S2-1
Added Pin To Net: NetName=+5V Pin=S2-2
Added Pin To Net: NetName=+5V Pin=S3-1
Added Pin To Net: NetName=+5V Pin=S3-2
Added Pin To Net: NetName=+5V Pin=S4-1
Added Pin To Net: NetName=+5V Pin=S4-2
Added Pin To Net: NetName=RS Pin=U1-1
Added Pin To Net: NetName=+5V Pin=U1-2
Added Pin To Net: NetName=RS Pin=U1-5
Added Pin To Net: NetName=E Pin=U1-6
Added Pin To Net: NetName=+5V Pin=U1-15
Added Pin To Net: NetName=+5V Pin=U2-7
Added Pin To Net: NetName=RS Pin=U2-8
Added Pin To Net: NetName=RS Pin=U2-22
Change Net Name : Old Net Name=NetC5_1 New Net Name=12V
Change Net Name : Old Net Name=NetQ3_2 New Net Name=NetQ4_2
Change Net Name : Old Net Name=RS New Net Name=-48V
Added Pin To Net: NetName=Analog Pin=P1-2
Added Net: Name=Analog
Added Pin To Net: NetName=MISO Pin=P2-2
Added Pin To Net: NetName=MISO Pin=U2-18
Added Net: Name=MISO
Added Pin To Net: NetName=MOSI Pin=P2-1
Added Pin To Net: NetName=MOSI Pin=U2-17
Added Net: Name=MOSI
Added Pin To Net: NetName=NetC7_1 Pin=C7-1
Added Pin To Net: NetName=NetC7_1 Pin=IC1-5
Added Pin To Net: NetName=NetC7_1 Pin=R13-1
Added Net: Name=NetC7_1
Added Pin To Net: NetName=NetD1_K Pin=Q1-1
Added Pin To Net: NetName=NetD1_K Pin=R1-1
Added Net: Name=NetD1_K
Added Pin To Net: NetName=NetD5_2 Pin=D5-2
Added Pin To Net: NetName=NetD5_2 Pin=P3-4
Added Pin To Net: NetName=NetD5_2 Pin=Q4-1
Added Net: Name=NetD5_2
Added Pin To Net: NetName=NetIC1_6 Pin=IC1-6
Added Pin To Net: NetName=NetIC1_6 Pin=R10-2
Added Pin To Net: NetName=NetIC1_6 Pin=R12-1
Added Net: Name=NetIC1_6
Added Pin To Net: NetName=NetQ3_1 Pin=Q3-1
Added Pin To Net: NetName=NetQ3_1 Pin=R15-2
Added Net: Name=NetQ3_1
Added Pin To Net: NetName=NetQ3_2 Pin=Q3-2
Added Pin To Net: NetName=NetQ3_2 Pin=R14-1
Added Net: Name=NetQ3_2
Added Pin To Net: NetName=NetR4_2 Pin=R4-2
Added Pin To Net: NetName=NetR4_2 Pin=S1-3
Added Pin To Net: NetName=NetR4_2 Pin=S1-4
Added Net: Name=NetR4_2
Added Pin To Net: NetName=NetR5_2 Pin=R5-2
Added Pin To Net: NetName=NetR5_2 Pin=S2-3
Added Pin To Net: NetName=NetR5_2 Pin=S2-4
Added Net: Name=NetR5_2
Added Pin To Net: NetName=NetR6_2 Pin=R6-2
Added Pin To Net: NetName=NetR6_2 Pin=S3-3
Added Pin To Net: NetName=NetR6_2 Pin=S3-4
Added Net: Name=NetR6_2
Added Pin To Net: NetName=NetR7_2 Pin=R7-2
Added Pin To Net: NetName=NetR7_2 Pin=U1-3
Added Net: Name=NetR7_2
Added Pin To Net: NetName=NetR8_2 Pin=R8-2
Added Pin To Net: NetName=NetR8_2 Pin=S4-3
Added Pin To Net: NetName=NetR8_2 Pin=S4-4
Added Net: Name=NetR8_2
Added Pin To Net: NetName=NetR11_1 Pin=R11-1
Added Pin To Net: NetName=NetR11_1 Pin=U1-16
Added Net: Name=NetR11_1
Added Pin To Net: NetName=PWM5 Pin=R13-2
Added Pin To Net: NetName=PWM5 Pin=U2-16
Added Net: Name=PWM5
Added Pin To Net: NetName=RS Pin=U1-4
Added Pin To Net: NetName=RS Pin=U2-27
Added Net: Name=RS
Added Pin To Net: NetName=RST Pin=P2-4
Added Pin To Net: NetName=RST Pin=R9-1
Added Pin To Net: NetName=RST Pin=U2-1
Added Net: Name=RST
Added Pin To Net: NetName=SCK Pin=P2-3
Added Pin To Net: NetName=SCK Pin=U2-19
Added Net: Name=SCK
Added Member To Class: ClassName=FanControllerSch Member=Component C7 100 µF
Added Member To Class: ClassName=FanControllerSch Member=Component D5 1N5822
Added Member To Class: ClassName=FanControllerSch Member=Component IC1 LM358PE4
Added Member To Class: ClassName=FanControllerSch Member=Component Q4 MOSFET-N
Added Member To Class: ClassName=FanControllerSch Member=Component R8 Res_Com
Added Member To Class: ClassName=FanControllerSch Member=Component R9 Res_Com
Added Member To Class: ClassName=FanControllerSch Member=Component R10 Res_Com
Added Member To Class: ClassName=FanControllerSch Member=Component R11 Res_Com
Added Member To Class: ClassName=FanControllerSch Member=Component R12 Res_Com
Added Member To Class: ClassName=FanControllerSch Member=Component R13 Res_Com
Added Member To Class: ClassName=FanControllerSch Member=Component R14 Res_Com
Added Member To Class: ClassName=FanControllerSch Member=Component R15 Res_Com
Added Member To Class: ClassName=FanControllerSch Member=Component R16 Res_Com
Added Member To Class: ClassName=FanControllerSch Member=Component S1 1825967-1
Added Member To Class: ClassName=FanControllerSch Member=Component S2 1825967-1
Added Member To Class: ClassName=FanControllerSch Member=Component S3 1825967-1
Added Member To Class: ClassName=FanControllerSch Member=Component S4 1825967-1
Added Member To Class: ClassName=FanControllerSch Member=Component U2 ATmega8A-PU
